<?xml version="1.0" encoding="utf-8"?><testsuites name="pytest tests"><testsuite name="pytest" errors="0" failures="0" skipped="0" tests="2" time="5.178" timestamp="2025-10-09T11:33:44.130688+03:00" hostname="ZNV"><testcase classname="tests.test_auth_theme_ui" name="test_login_logout_selenium" time="2.545" /><testcase classname="tests.test_auth_theme_ui" name="test_theme_toggle_selenium" time="2.486" /></testsuite></testsuites>