<?xml version="1.0" encoding="utf-8"?><testsuites name="pytest tests"><testsuite name="pytest" errors="0" failures="0" skipped="8" tests="8" time="25.428" timestamp="2025-10-09T11:38:53.219783+03:00" hostname="ZNV"><testcase classname="tests.test_realtime_resilience_ui" name="test_realtime_reconnect_after_network_flap" time="2.125"><skipped type="pytest.skip" message="Socket.IO client state not observable">/usr/share/znf/tests/test_realtime_resilience_ui.py:72: Socket.IO client state not observable</skipped></testcase><testcase classname="tests.test_realtime_resilience_ui" name="test_realtime_notification_dedup" time="0.001"><skipped type="pytest.skip" message="Dedup behavior varies by UI; skipping until deterministic signal is available">/usr/share/znf/tests/test_realtime_resilience_ui.py:107: Dedup behavior varies by UI; skipping until deterministic signal is available</skipped></testcase><testcase classname="tests.test_realtime_ui" name="test_realtime_admin_broadcast_to_user" time="3.181"><skipped type="pytest.skip" message="Admin send-message control not found">/usr/share/znf/tests/test_realtime_ui.py:75: Admin send-message control not found</skipped></testcase><testcase classname="tests.test_realtime_ui" name="test_realtime_user_creation_updates" time="3.190"><skipped type="pytest.skip" message="Add user button not found">/usr/share/znf/tests/test_realtime_ui.py:103: Add user button not found</skipped></testcase><testcase classname="tests.test_realtime_ui" name="test_realtime_file_creation_updates" time="3.144"><skipped type="pytest.skip" message="Add file button not found">/usr/share/znf/tests/test_realtime_ui.py:157: Add file button not found</skipped></testcase><testcase classname="tests.test_realtime_ui" name="test_realtime_group_creation_updates" time="3.170"><skipped type="pytest.skip" message="Add group button not found">/usr/share/znf/tests/test_realtime_ui.py:207: Add group button not found</skipped></testcase><testcase classname="tests.test_realtime_ui" name="test_realtime_multiple_sessions_notifications" time="4.481"><skipped type="pytest.skip" message="Admin send-message control not found">/usr/share/znf/tests/test_realtime_ui.py:75: Admin send-message control not found</skipped></testcase><testcase classname="tests.test_realtime_ui" name="test_realtime_cross_role_notifications" time="5.968"><skipped type="pytest.skip" message="Admin send-message control not found">/usr/share/znf/tests/test_realtime_ui.py:75: Admin send-message control not found</skipped></testcase></testsuite></testsuites>